<?xml version="1.0" encoding="UTF-8"?>
<testsuite name="StylistTest" tests="8" skipped="0" failures="0" errors="0" timestamp="2016-05-06T20:31:39" hostname="Thes-iMac.local" time="0.092">
  <properties/>
  <testcase name="getName_stylistInstantiatesWithName_name" classname="StylistTest" time="0.006"/>
  <testcase name="equals_returnsTrueIfNamesAretheSame" classname="StylistTest" time="0.005"/>
  <testcase name="Stylist_instantiatesCorrectly_true" classname="StylistTest" time="0.006"/>
  <testcase name="all_emptyAtFirst" classname="StylistTest" time="0.011"/>
  <testcase name="save_returnsTrueIfSaved_true" classname="StylistTest" time="0.015"/>
  <testcase name="find_findStylistInDatabase_true" classname="StylistTest" time="0.013"/>
  <testcase name="getClients_retrievesAllClientsFromDatabase_clientsList" classname="StylistTest" time="0.022"/>
  <testcase name="save_assignsIdToObject" classname="StylistTest" time="0.013"/>
  <system-out><![CDATA[]]></system-out>
  <system-err><![CDATA[]]></system-err>
</testsuite>
