<?xml version="1.0" encoding="UTF-8"?>
<testsuite name="StylistTest" tests="10" skipped="0" failures="0" errors="0" timestamp="2016-05-08T14:52:21" hostname="Thes-iMac.local" time="0.137">
  <properties/>
  <testcase name="getName_stylistInstantiatesWithName_name" classname="StylistTest" time="0.005"/>
  <testcase name="equals_returnsTrueIfNamesAretheSame" classname="StylistTest" time="0.005"/>
  <testcase name="update_updatesStylistName_true" classname="StylistTest" time="0.018"/>
  <testcase name="Stylist_instantiatesCorrectly_true" classname="StylistTest" time="0.005"/>
  <testcase name="all_emptyAtFirst" classname="StylistTest" time="0.024"/>
  <testcase name="save_returnsTrueIfSaved_true" classname="StylistTest" time="0.014"/>
  <testcase name="find_findStylistInDatabase_true" classname="StylistTest" time="0.013"/>
  <testcase name="getClients_retrievesAllClientsFromDatabase_clientsList" classname="StylistTest" time="0.022"/>
  <testcase name="save_assignsIdToObject" classname="StylistTest" time="0.013"/>
  <testcase name="delete_deletesStylist_true" classname="StylistTest" time="0.016"/>
  <system-out><![CDATA[]]></system-out>
  <system-err><![CDATA[]]></system-err>
</testsuite>
