<?xml version="1.0" encoding="UTF-8"?>
<testsuite name="StylistTest" tests="6" skipped="0" failures="0" errors="0" timestamp="2016-05-06T19:05:18" hostname="Thes-iMac.local" time="0.164">
  <properties/>
  <testcase name="getName_stylistInstantiatesWithName_name" classname="StylistTest" time="0.088"/>
  <testcase name="equals_returnsTrueIfNamesAretheSame" classname="StylistTest" time="0.007"/>
  <testcase name="Stylist_instantiatesCorrectly_true" classname="StylistTest" time="0.005"/>
  <testcase name="all_emptyAtFirst" classname="StylistTest" time="0.033"/>
  <testcase name="save_returnsTrueIfSaved_true" classname="StylistTest" time="0.016"/>
  <testcase name="save_assignsIdToObject" classname="StylistTest" time="0.015"/>
  <system-out><![CDATA[]]></system-out>
  <system-err><![CDATA[]]></system-err>
</testsuite>
