<?xml version="1.0" encoding="UTF-8"?>
<testsuite name="ClientTest" tests="12" skipped="0" failures="0" errors="0" timestamp="2016-05-08T14:49:04" hostname="Thes-iMac.local" time="0.133">
  <properties/>
  <testcase name="save_savesStylistIdIntoDB_true" classname="ClientTest" time="0.018"/>
  <testcase name="save_returnsTrueIfClientsAretheSame" classname="ClientTest" time="0.013"/>
  <testcase name="getName_instantiatesWithName_name" classname="ClientTest" time="0.004"/>
  <testcase name="update_updatesClientName_true" classname="ClientTest" time="0.018"/>
  <testcase name="getId_clientsInstantiateWithAnId_1" classname="ClientTest" time="0.009"/>
  <testcase name="all_emptyAtFirst" classname="ClientTest" time="0.009"/>
  <testcase name="Client_instantiatesCorrectly_true" classname="ClientTest" time="0.004"/>
  <testcase name="save_assignsIdToObject" classname="ClientTest" time="0.014"/>
  <testcase name="equals_returnsTrueIfNamesAreTheSame_true" classname="ClientTest" time="0.004"/>
  <testcase name="find_returnsNullWhenNoClientFound_null" classname="ClientTest" time="0.008"/>
  <testcase name="delete_deletesClient_true" classname="ClientTest" time="0.017"/>
  <testcase name="find_findsClientsInDatabase_true" classname="ClientTest" time="0.013"/>
  <system-out><![CDATA[]]></system-out>
  <system-err><![CDATA[]]></system-err>
</testsuite>
